<?xml version="1.0" encoding="UTF-8"?>
<!-- Generated by org.testng.reporters.JUnitReportReporter -->
<testsuite hostname="DUSHYs-MacBook-Pro.local" failures="0" tests="2" name="com.mobilePortal.qa.testCases.LoginPageTest" time="29.557" errors="0" timestamp="2020-04-30T19:57:19 IST" skipped="0">
  <testcase classname="com.mobilePortal.qa.testCases.LoginPageTest" name="validateLoginPage" time="10.126"/>
  <system-out/>
  <testcase classname="com.mobilePortal.qa.testCases.LoginPageTest" name="validateLogin" time="19.431"/>
  <system-out/>
</testsuite> <!-- com.mobilePortal.qa.testCases.LoginPageTest -->
