<?xml version="1.0" encoding="UTF-8"?>
<!-- Generated by org.testng.reporters.JUnitReportReporter -->
<testsuite hostname="DUSHYs-MacBook-Pro.local" failures="0" tests="2" name="com.mobilePortal.qa.testCases.HomePageTest" time="84.897" errors="0" timestamp="2020-03-19T23:02:53 IST" skipped="0">
  <testcase classname="com.mobilePortal.qa.testCases.HomePageTest" name="validateLogin" time="31.041"/>
  <system-out/>
  <testcase classname="com.mobilePortal.qa.testCases.HomePageTest" name="validateZappPortalLogin" time="53.856"/>
  <system-out/>
</testsuite> <!-- com.mobilePortal.qa.testCases.HomePageTest -->
