<?xml version="1.0" encoding="UTF-8"?>
<!-- Generated by org.testng.reporters.JUnitReportReporter -->
<testsuite hostname="DUSHYs-MacBook-Pro.local" failures="0" tests="1" name="com.mobilePortal.qa.base.TestBase" time="5.968" errors="0" timestamp="2020-02-14T20:22:12 IST" skipped="0">
  <testcase classname="com.mobilePortal.qa.base.TestBase" name="initialization" time="5.968"/>
  <system-out/>
</testsuite> <!-- com.mobilePortal.qa.base.TestBase -->
