<?xml version="1.0" encoding="UTF-8"?>
<!-- Generated by org.testng.reporters.JUnitReportReporter -->
<testsuite hostname="DUSHYs-MacBook-Pro.local" failures="0" tests="5" name="com.mobilePortal.qa.testCases.AddmacOSPolicyPageTest" time="624.747" errors="0" timestamp="2020-03-25T00:08:16 IST" skipped="0">
  <testcase classname="com.mobilePortal.qa.testCases.AddmacOSPolicyPageTest" name="validateAddMacOSPolicy" time="113.599"/>
  <system-out/>
  <testcase classname="com.mobilePortal.qa.testCases.AddmacOSPolicyPageTest" name="validateAddMacOSPolicy" time="123.578"/>
  <system-out/>
  <testcase classname="com.mobilePortal.qa.testCases.AddmacOSPolicyPageTest" name="validateAddMacOSPolicy" time="130.395"/>
  <system-out/>
  <testcase classname="com.mobilePortal.qa.testCases.AddmacOSPolicyPageTest" name="validateAddMacOSPolicy" time="145.077"/>
  <system-out/>
  <testcase classname="com.mobilePortal.qa.testCases.AddmacOSPolicyPageTest" name="validateAddMacOSPolicy" time="112.098"/>
  <system-out/>
</testsuite> <!-- com.mobilePortal.qa.testCases.AddmacOSPolicyPageTest -->
