<?xml version="1.0" encoding="UTF-8"?>
<!-- Generated by org.testng.reporters.JUnitReportReporter -->
<testsuite hostname="DUSHYs-MacBook-Pro.local" failures="0" tests="5" name="com.mobilePortal.qa.testCases.EditmacOSPolicyPageTest" time="565.759" errors="0" timestamp="2020-03-25T00:08:16 IST" skipped="0">
  <testcase classname="com.mobilePortal.qa.testCases.EditmacOSPolicyPageTest" name="validateEditMacOsPolicy" time="110.490"/>
  <system-out/>
  <testcase classname="com.mobilePortal.qa.testCases.EditmacOSPolicyPageTest" name="validateEditMacOsPolicy" time="126.510"/>
  <system-out/>
  <testcase classname="com.mobilePortal.qa.testCases.EditmacOSPolicyPageTest" name="validateEditMacOsPolicy" time="102.821"/>
  <system-out/>
  <testcase classname="com.mobilePortal.qa.testCases.EditmacOSPolicyPageTest" name="validateEditMacOsPolicy" time="115.173"/>
  <system-out/>
  <testcase classname="com.mobilePortal.qa.testCases.EditmacOSPolicyPageTest" name="validateEditMacOsPolicy" time="110.765"/>
  <system-out/>
</testsuite> <!-- com.mobilePortal.qa.testCases.EditmacOSPolicyPageTest -->
