<?xml version="1.0" encoding="UTF-8"?>
<!-- Generated by org.testng.reporters.JUnitReportReporter -->
<testsuite hostname="DUSHYs-MacBook-Pro.local" failures="0" tests="5" name="com.mobilePortal.qa.testCases.DeletemacOSPolicyPageTest" time="584.846" errors="0" timestamp="2020-03-25T00:08:16 IST" skipped="0">
  <testcase classname="com.mobilePortal.qa.testCases.DeletemacOSPolicyPageTest" name="validateDeletePolicy" time="127.970"/>
  <system-out/>
  <testcase classname="com.mobilePortal.qa.testCases.DeletemacOSPolicyPageTest" name="validateDeletePolicy" time="112.500"/>
  <system-out/>
  <testcase classname="com.mobilePortal.qa.testCases.DeletemacOSPolicyPageTest" name="validateDeletePolicy" time="108.109"/>
  <system-out/>
  <testcase classname="com.mobilePortal.qa.testCases.DeletemacOSPolicyPageTest" name="validateDeletePolicy" time="115.267"/>
  <system-out/>
  <testcase classname="com.mobilePortal.qa.testCases.DeletemacOSPolicyPageTest" name="validateDeletePolicy" time="121.000"/>
  <system-out/>
</testsuite> <!-- com.mobilePortal.qa.testCases.DeletemacOSPolicyPageTest -->
