<?xml version="1.0" encoding="UTF-8"?>
<!-- Generated by org.testng.reporters.JUnitReportReporter -->
<testsuite hostname="DUSHYs-MacBook-Pro.local" failures="0" tests="2" name="com.mobilePortal.qa.testCases.LoginPageTest" time="34.858" errors="0" timestamp="2020-04-29T19:50:00 IST" skipped="0">
  <testcase classname="com.mobilePortal.qa.testCases.LoginPageTest" name="validateLoginPage" time="8.433"/>
  <system-out/>
  <testcase classname="com.mobilePortal.qa.testCases.LoginPageTest" name="validateLogin" time="26.425"/>
  <system-out/>
</testsuite> <!-- com.mobilePortal.qa.testCases.LoginPageTest -->
